<?xml version="1.0" encoding="UTF-8" ?>
<testsuite failures="0" time="26.661" errors="0" skipped="0" tests="16" name="customer.retail.RunCustomerTypeTest">
  <properties>
    <property name="java.runtime.name" value="Java(TM) SE Runtime Environment"/>
    <property name="sun.boot.library.path" value="C:\Program Files (x86)\Java\jdk1.6.0_45\jre\bin"/>
    <property name="java.vm.version" value="20.45-b01"/>
    <property name="java.vm.vendor" value="Sun Microsystems Inc."/>
    <property name="java.vendor.url" value="http://java.sun.com/"/>
    <property name="path.separator" value=";"/>
    <property name="java.vm.name" value="Java HotSpot(TM) Client VM"/>
    <property name="file.encoding.pkg" value="sun.io"/>
    <property name="user.country" value="GB"/>
    <property name="sun.java.launcher" value="SUN_STANDARD"/>
    <property name="sun.os.patch.level" value="Service Pack 1"/>
    <property name="java.vm.specification.name" value="Java Virtual Machine Specification"/>
    <property name="user.dir" value="H:\gitRepoKapoo\cucumber_firstBite"/>
    <property name="java.runtime.version" value="1.6.0_45-b06"/>
    <property name="java.awt.graphicsenv" value="sun.awt.Win32GraphicsEnvironment"/>
    <property name="basedir" value="H:\gitRepoKapoo\cucumber_firstBite"/>
    <property name="java.endorsed.dirs" value="C:\Program Files (x86)\Java\jdk1.6.0_45\jre\lib\endorsed"/>
    <property name="os.arch" value="x86"/>
    <property name="surefire.real.class.path" value="H:\gitRepoKapoo\cucumber_firstBite\target\surefire\surefirebooter8914101055606664774.jar"/>
    <property name="java.io.tmpdir" value="C:\Users\NEELAM~1.KAP\AppData\Local\Temp\"/>
    <property name="line.separator" value="
"/>
    <property name="java.vm.specification.vendor" value="Sun Microsystems Inc."/>
    <property name="user.variant" value=""/>
    <property name="os.name" value="Windows 7"/>
    <property name="sun.jnu.encoding" value="Cp1252"/>
    <property name="java.library.path" value="C:\Program Files (x86)\Java\jdk1.6.0_45\jre\bin;C:\Windows\Sun\Java\bin;C:\Windows\system32;C:\Windows;C:\Program Files (x86)\AMD APP\bin\x86_64;C:\Program Files (x86)\AMD APP\bin\x86;C:\Program Files (x86)\Intel\iCLS Client\;C:\Program Files\Intel\iCLS Client\;C:\oraclexe\app\oracle\product\10.2.0\server\bin;C:\Windows\system32;C:\Windows;C:\Windows\System32\Wbem;C:\Windows\System32\WindowsPowerShell\v1.0\;c:\Program Files (x86)\Microsoft SQL Server\100\Tools\Binn\;c:\Program Files (x86)\Microsoft SQL Server\100\DTS\Binn\;c:\Program Files (x86)\Microsoft SQL Server\100\Tools\Binn\VSShell\Common7\IDE\;c:\Program Files (x86)\Microsoft Visual Studio 9.0\Common7\IDE\PrivateAssemblies\;c:\Program Files (x86)\Microsoft ASP.NET\ASP.NET Web Pages\v1.0\;C:\Program Files (x86)\SlikSvn\bin;C:\Program Files\TortoiseSVN\bin;C:\Program Files (x86)\Java\jdk1.6.0_45;C:\Program Files (x86)\Java\jdk1.6.0_45\bin;C:\apache-maven-3.0.3\bin;C:\Program Files\Intel\Intel(R) Management Engine Components\DAL;C:\Program Files\Intel\Intel(R) Management Engine Components\IPT;C:\Program Files (x86)\Intel\Intel(R) Management Engine Components\DAL;C:\Program Files (x86)\Intel\Intel(R) Management Engine Components\IPT;C:\Program Files (x86)\Intel\OpenCL SDK\2.0\bin\x86;C:\Program Files (x86)\Intel\OpenCL SDK\2.0\bin\x64;."/>
    <property name="surefire.test.class.path" value="H:\gitRepoKapoo\cucumber_firstBite\target\test-classes;H:\gitRepoKapoo\cucumber_firstBite\target\classes;C:\JavaWorkspace\MavenRepository\.m2\repository\org\hamcrest\hamcrest-all\1.3\hamcrest-all-1.3.jar;C:\JavaWorkspace\MavenRepository\.m2\repository\org\testinfected\hamcrest-matchers\core-matchers\1.5\core-matchers-1.5.jar;C:\JavaWorkspace\MavenRepository\.m2\repository\org\hamcrest\hamcrest-library\1.3.RC2\hamcrest-library-1.3.RC2.jar;C:\JavaWorkspace\MavenRepository\.m2\repository\org\hamcrest\hamcrest-core\1.3\hamcrest-core-1.3.jar;C:\JavaWorkspace\MavenRepository\.m2\repository\info\cukes\cucumber-java\1.1.7\cucumber-java-1.1.7.jar;C:\JavaWorkspace\MavenRepository\.m2\repository\info\cukes\cucumber-core\1.1.7\cucumber-core-1.1.7.jar;C:\JavaWorkspace\MavenRepository\.m2\repository\info\cukes\cucumber-html\0.2.3\cucumber-html-0.2.3.jar;C:\JavaWorkspace\MavenRepository\.m2\repository\info\cukes\cucumber-jvm-deps\1.0.3\cucumber-jvm-deps-1.0.3.jar;C:\JavaWorkspace\MavenRepository\.m2\repository\info\cukes\gherkin\2.12.2\gherkin-2.12.2.jar;C:\JavaWorkspace\MavenRepository\.m2\repository\info\cukes\cucumber-junit\1.1.7\cucumber-junit-1.1.7.jar;C:\JavaWorkspace\MavenRepository\.m2\repository\junit\junit\4.11\junit-4.11.jar;"/>
    <property name="java.specification.name" value="Java Platform API Specification"/>
    <property name="java.class.version" value="50.0"/>
    <property name="sun.management.compiler" value="HotSpot Client Compiler"/>
    <property name="os.version" value="6.1"/>
    <property name="user.home" value="C:\Users\neelam.kapoor"/>
    <property name="user.timezone" value="Europe/London"/>
    <property name="java.awt.printerjob" value="sun.awt.windows.WPrinterJob"/>
    <property name="java.specification.version" value="1.6"/>
    <property name="file.encoding" value="Cp1252"/>
    <property name="user.name" value="neelam.kapoor"/>
    <property name="java.class.path" value="H:\gitRepoKapoo\cucumber_firstBite\target\test-classes;H:\gitRepoKapoo\cucumber_firstBite\target\classes;C:\JavaWorkspace\MavenRepository\.m2\repository\org\hamcrest\hamcrest-all\1.3\hamcrest-all-1.3.jar;C:\JavaWorkspace\MavenRepository\.m2\repository\org\testinfected\hamcrest-matchers\core-matchers\1.5\core-matchers-1.5.jar;C:\JavaWorkspace\MavenRepository\.m2\repository\org\hamcrest\hamcrest-library\1.3.RC2\hamcrest-library-1.3.RC2.jar;C:\JavaWorkspace\MavenRepository\.m2\repository\org\hamcrest\hamcrest-core\1.3\hamcrest-core-1.3.jar;C:\JavaWorkspace\MavenRepository\.m2\repository\info\cukes\cucumber-java\1.1.7\cucumber-java-1.1.7.jar;C:\JavaWorkspace\MavenRepository\.m2\repository\info\cukes\cucumber-core\1.1.7\cucumber-core-1.1.7.jar;C:\JavaWorkspace\MavenRepository\.m2\repository\info\cukes\cucumber-html\0.2.3\cucumber-html-0.2.3.jar;C:\JavaWorkspace\MavenRepository\.m2\repository\info\cukes\cucumber-jvm-deps\1.0.3\cucumber-jvm-deps-1.0.3.jar;C:\JavaWorkspace\MavenRepository\.m2\repository\info\cukes\gherkin\2.12.2\gherkin-2.12.2.jar;C:\JavaWorkspace\MavenRepository\.m2\repository\info\cukes\cucumber-junit\1.1.7\cucumber-junit-1.1.7.jar;C:\JavaWorkspace\MavenRepository\.m2\repository\junit\junit\4.11\junit-4.11.jar;"/>
    <property name="java.vm.specification.version" value="1.0"/>
    <property name="sun.arch.data.model" value="32"/>
    <property name="java.home" value="C:\Program Files (x86)\Java\jdk1.6.0_45\jre"/>
    <property name="sun.java.command" value="H:\gitRepoKapoo\cucumber_firstBite\target\surefire\surefirebooter8914101055606664774.jar H:\gitRepoKapoo\cucumber_firstBite\target\surefire\surefire1281163339870075514tmp H:\gitRepoKapoo\cucumber_firstBite\target\surefire\surefire6285731245583552736tmp"/>
    <property name="java.specification.vendor" value="Sun Microsystems Inc."/>
    <property name="user.language" value="en"/>
    <property name="awt.toolkit" value="sun.awt.windows.WToolkit"/>
    <property name="java.vm.info" value="mixed mode, sharing"/>
    <property name="java.version" value="1.6.0_45"/>
    <property name="java.ext.dirs" value="C:\Program Files (x86)\Java\jdk1.6.0_45\jre\lib\ext;C:\Windows\Sun\Java\lib\ext"/>
    <property name="sun.boot.class.path" value="C:\Program Files (x86)\Java\jdk1.6.0_45\jre\lib\resources.jar;C:\Program Files (x86)\Java\jdk1.6.0_45\jre\lib\rt.jar;C:\Program Files (x86)\Java\jdk1.6.0_45\jre\lib\sunrsasign.jar;C:\Program Files (x86)\Java\jdk1.6.0_45\jre\lib\jsse.jar;C:\Program Files (x86)\Java\jdk1.6.0_45\jre\lib\jce.jar;C:\Program Files (x86)\Java\jdk1.6.0_45\jre\lib\charsets.jar;C:\Program Files (x86)\Java\jdk1.6.0_45\jre\lib\modules\jdk.boot.jar;C:\Program Files (x86)\Java\jdk1.6.0_45\jre\classes"/>
    <property name="java.vendor" value="Sun Microsystems Inc."/>
    <property name="localRepository" value="C:\JavaWorkspace\MavenRepository\.m2\repository"/>
    <property name="file.separator" value="\"/>
    <property name="java.vendor.url.bug" value="http://java.sun.com/cgi-bin/bugreport.cgi"/>
    <property name="sun.cpu.endian" value="little"/>
    <property name="sun.io.unicode.encoding" value="UnicodeLittle"/>
    <property name="sun.desktop" value="windows"/>
    <property name="sun.cpu.isalist" value="pentium_pro+mmx pentium_pro pentium+mmx pentium i486 i386 i86"/>
  </properties>
  <testcase time="0.02" classname="Scenario: type of customer" name="Given Customer is with Tesco from 12 years"/>
  <testcase time="0.001" classname="Scenario: type of customer" name="When Customer spend more than 12000"/>
  <testcase time="0" classname="Scenario: type of customer" name="Then Customer is Diamond type"/>
  <testcase time="0.001" classname="Scenario: type of customer" name="Scenario: type of customer"/>
  <testcase time="0" classname="Scenario: type of customer" name="Given Customer is with Tesco from 12 years"/>
  <testcase time="0" classname="Scenario: type of customer" name="When Customer spend more than 1200"/>
  <testcase time="0" classname="Scenario: type of customer" name="Then Customer is Gold type"/>
  <testcase time="0" classname="Scenario: type of customer" name="Scenario: type of customer"/>
  <testcase time="0" classname="Scenario: type of customer" name="Given Customer is with Tesco from 5 years"/>
  <testcase time="0" classname="Scenario: type of customer" name="When Customer spend more than 3000"/>
  <testcase time="0" classname="Scenario: type of customer" name="Then Customer is Silver type"/>
  <testcase time="0" classname="Scenario: type of customer" name="Scenario: type of customer"/>
  <testcase time="0" classname="Scenario: type of customer" name="Given Customer is with Tesco from 3 years"/>
  <testcase time="0" classname="Scenario: type of customer" name="When Customer spend more than 1200"/>
  <testcase time="0" classname="Scenario: type of customer" name="Then Customer is Bronze type"/>
  <testcase time="0.001" classname="Scenario: type of customer" name="Scenario: type of customer"/>
</testsuite>